0 info it worked if it ends with ok
1 verbose cli [ 'node', '/usr/local/bin/npm', 'install' ]
2 info using npm@1.4.28
3 info using node@v0.10.35
4 verbose readDependencies using package.json deps
5 verbose install where, deps [ '/resource/github/generator-ka',
5 verbose install   [ 'yeoman-generator', 'chalk', 'yosay', 'mocha' ] ]
6 info preinstall generator-ka@0.0.0
7 verbose readDependencies using package.json deps
8 verbose cache add [ 'chalk@^0.5.0', null ]
9 verbose cache add name=undefined spec="chalk@^0.5.0" args=["chalk@^0.5.0",null]
10 verbose parsed url { protocol: null,
10 verbose parsed url   slashes: null,
10 verbose parsed url   auth: null,
10 verbose parsed url   host: null,
10 verbose parsed url   port: null,
10 verbose parsed url   hostname: null,
10 verbose parsed url   hash: null,
10 verbose parsed url   search: null,
10 verbose parsed url   query: null,
10 verbose parsed url   pathname: 'chalk@^0.5.0',
10 verbose parsed url   path: 'chalk@^0.5.0',
10 verbose parsed url   href: 'chalk@^0.5.0' }
11 verbose cache add [ 'yosay@^0.3.0', null ]
12 verbose cache add name=undefined spec="yosay@^0.3.0" args=["yosay@^0.3.0",null]
13 verbose parsed url { protocol: null,
13 verbose parsed url   slashes: null,
13 verbose parsed url   auth: null,
13 verbose parsed url   host: null,
13 verbose parsed url   port: null,
13 verbose parsed url   hostname: null,
13 verbose parsed url   hash: null,
13 verbose parsed url   search: null,
13 verbose parsed url   query: null,
13 verbose parsed url   pathname: 'yosay@^0.3.0',
13 verbose parsed url   path: 'yosay@^0.3.0',
13 verbose parsed url   href: 'yosay@^0.3.0' }
14 verbose cache add name="chalk" spec="^0.5.0" args=["chalk","^0.5.0"]
15 verbose parsed url { protocol: null,
15 verbose parsed url   slashes: null,
15 verbose parsed url   auth: null,
15 verbose parsed url   host: null,
15 verbose parsed url   port: null,
15 verbose parsed url   hostname: null,
15 verbose parsed url   hash: null,
15 verbose parsed url   search: null,
15 verbose parsed url   query: null,
15 verbose parsed url   pathname: '^0.5.0',
15 verbose parsed url   path: '^0.5.0',
15 verbose parsed url   href: '^0.5.0' }
16 verbose addNamed [ 'chalk', '^0.5.0' ]
17 verbose addNamed [ null, '>=0.5.0-0 <0.6.0-0' ]
18 verbose cache add [ 'mocha@*', null ]
19 verbose cache add name=undefined spec="mocha@*" args=["mocha@*",null]
20 verbose parsed url { protocol: null,
20 verbose parsed url   slashes: null,
20 verbose parsed url   auth: null,
20 verbose parsed url   host: null,
20 verbose parsed url   port: null,
20 verbose parsed url   hostname: null,
20 verbose parsed url   hash: null,
20 verbose parsed url   search: null,
20 verbose parsed url   query: null,
20 verbose parsed url   pathname: 'mocha@*',
20 verbose parsed url   path: 'mocha@*',
20 verbose parsed url   href: 'mocha@*' }
21 verbose cache add name="yosay" spec="^0.3.0" args=["yosay","^0.3.0"]
22 verbose parsed url { protocol: null,
22 verbose parsed url   slashes: null,
22 verbose parsed url   auth: null,
22 verbose parsed url   host: null,
22 verbose parsed url   port: null,
22 verbose parsed url   hostname: null,
22 verbose parsed url   hash: null,
22 verbose parsed url   search: null,
22 verbose parsed url   query: null,
22 verbose parsed url   pathname: '^0.3.0',
22 verbose parsed url   path: '^0.3.0',
22 verbose parsed url   href: '^0.3.0' }
23 verbose addNamed [ 'yosay', '^0.3.0' ]
24 verbose addNamed [ null, '>=0.3.0-0 <0.4.0-0' ]
25 silly lockFile c513ee84-chalk-0-5-0 chalk@^0.5.0
26 verbose lock chalk@^0.5.0 /Users/jriewe/.npm/c513ee84-chalk-0-5-0.lock
27 silly lockFile ca78981e-yosay-0-3-0 yosay@^0.3.0
28 verbose lock yosay@^0.3.0 /Users/jriewe/.npm/ca78981e-yosay-0-3-0.lock
29 verbose cache add [ 'yeoman-generator@^0.18.0', null ]
30 verbose cache add name=undefined spec="yeoman-generator@^0.18.0" args=["yeoman-generator@^0.18.0",null]
31 verbose parsed url { protocol: null,
31 verbose parsed url   slashes: null,
31 verbose parsed url   auth: null,
31 verbose parsed url   host: null,
31 verbose parsed url   port: null,
31 verbose parsed url   hostname: null,
31 verbose parsed url   hash: null,
31 verbose parsed url   search: null,
31 verbose parsed url   query: null,
31 verbose parsed url   pathname: 'yeoman-generator@^0.18.0',
31 verbose parsed url   path: 'yeoman-generator@^0.18.0',
31 verbose parsed url   href: 'yeoman-generator@^0.18.0' }
32 verbose cache add name="mocha" spec="*" args=["mocha","*"]
33 verbose parsed url { protocol: null,
33 verbose parsed url   slashes: null,
33 verbose parsed url   auth: null,
33 verbose parsed url   host: null,
33 verbose parsed url   port: null,
33 verbose parsed url   hostname: null,
33 verbose parsed url   hash: null,
33 verbose parsed url   search: null,
33 verbose parsed url   query: null,
33 verbose parsed url   pathname: '*',
33 verbose parsed url   path: '*',
33 verbose parsed url   href: '*' }
34 verbose addNamed [ 'mocha', '*' ]
35 verbose addNamed [ null, '*' ]
36 silly lockFile 4d0fa87f-mocha mocha@*
37 verbose lock mocha@* /Users/jriewe/.npm/4d0fa87f-mocha.lock
38 verbose cache add name="yeoman-generator" spec="^0.18.0" args=["yeoman-generator","^0.18.0"]
39 verbose parsed url { protocol: null,
39 verbose parsed url   slashes: null,
39 verbose parsed url   auth: null,
39 verbose parsed url   host: null,
39 verbose parsed url   port: null,
39 verbose parsed url   hostname: null,
39 verbose parsed url   hash: null,
39 verbose parsed url   search: null,
39 verbose parsed url   query: null,
39 verbose parsed url   pathname: '^0.18.0',
39 verbose parsed url   path: '^0.18.0',
39 verbose parsed url   href: '^0.18.0' }
40 verbose addNamed [ 'yeoman-generator', '^0.18.0' ]
41 verbose addNamed [ null, '>=0.18.0-0 <0.19.0-0' ]
42 silly lockFile dc903c98-yeoman-generator-0-18-0 yeoman-generator@^0.18.0
43 verbose lock yeoman-generator@^0.18.0 /Users/jriewe/.npm/dc903c98-yeoman-generator-0-18-0.lock
44 silly addNameRange { name: 'chalk', range: '>=0.5.0-0 <0.6.0-0', hasData: false }
45 silly addNameRange { name: 'yosay', range: '>=0.3.0-0 <0.4.0-0', hasData: false }
46 silly addNameRange { name: 'mocha', range: '*', hasData: false }
47 silly addNameRange { name: 'yeoman-generator',
47 silly addNameRange   range: '>=0.18.0-0 <0.19.0-0',
47 silly addNameRange   hasData: false }
48 verbose registry.get https://registry.npmjs.org/chalk not expired, no request
49 silly addNameRange number 2 { name: 'chalk', range: '>=0.5.0-0 <0.6.0-0', hasData: true }
50 silly addNameRange versions [ 'chalk',
50 silly addNameRange   [ '0.1.0',
50 silly addNameRange     '0.1.1',
50 silly addNameRange     '0.2.0',
50 silly addNameRange     '0.2.1',
50 silly addNameRange     '0.3.0',
50 silly addNameRange     '0.4.0',
50 silly addNameRange     '0.5.0',
50 silly addNameRange     '0.5.1' ] ]
51 verbose addNamed [ 'chalk', '0.5.1' ]
52 verbose addNamed [ '0.5.1', '0.5.1' ]
53 silly lockFile c28973bb-chalk-0-5-1 chalk@0.5.1
54 verbose lock chalk@0.5.1 /Users/jriewe/.npm/c28973bb-chalk-0-5-1.lock
55 verbose registry.get https://registry.npmjs.org/yosay not expired, no request
56 silly addNameRange number 2 { name: 'yosay', range: '>=0.3.0-0 <0.4.0-0', hasData: true }
57 silly addNameRange versions [ 'yosay',
57 silly addNameRange   [ '0.1.0', '0.2.0', '0.2.1', '0.3.0', '1.0.0', '1.0.1', '1.0.2' ] ]
58 verbose addNamed [ 'yosay', '0.3.0' ]
59 verbose addNamed [ '0.3.0', '0.3.0' ]
60 silly lockFile 47e93410-yosay-0-3-0 yosay@0.3.0
61 verbose lock yosay@0.3.0 /Users/jriewe/.npm/47e93410-yosay-0-3-0.lock
62 verbose registry.get https://registry.npmjs.org/mocha not expired, no request
63 silly addNameRange number 2 { name: 'mocha', range: '*', hasData: true }
64 silly addNameRange versions [ 'mocha',
64 silly addNameRange   [ '0.0.1-alpha1',
64 silly addNameRange     '0.0.1-alpha2',
64 silly addNameRange     '0.0.1-alpha3',
64 silly addNameRange     '0.0.1-alpha4',
64 silly addNameRange     '0.0.1-alpha5',
64 silly addNameRange     '0.0.1-alpha6',
64 silly addNameRange     '0.0.1',
64 silly addNameRange     '0.0.2',
64 silly addNameRange     '0.0.3',
64 silly addNameRange     '0.0.4',
64 silly addNameRange     '0.0.5',
64 silly addNameRange     '0.0.6',
64 silly addNameRange     '0.0.7',
64 silly addNameRange     '0.0.8',
64 silly addNameRange     '0.1.0',
64 silly addNameRange     '0.2.0',
64 silly addNameRange     '0.3.0',
64 silly addNameRange     '0.3.1',
64 silly addNameRange     '0.3.2',
64 silly addNameRange     '0.3.3',
64 silly addNameRange     '0.3.4',
64 silly addNameRange     '0.3.6',
64 silly addNameRange     '0.4.0',
64 silly addNameRange     '0.5.0',
64 silly addNameRange     '0.6.0',
64 silly addNameRange     '0.7.0',
64 silly addNameRange     '0.7.1',
64 silly addNameRange     '0.8.0',
64 silly addNameRange     '0.8.1',
64 silly addNameRange     '0.9.0',
64 silly addNameRange     '0.10.0',
64 silly addNameRange     '0.10.1',
64 silly addNameRange     '0.10.2',
64 silly addNameRange     '0.11.0',
64 silly addNameRange     '0.12.0',
64 silly addNameRange     '0.12.1',
64 silly addNameRange     '0.13.0',
64 silly addNameRange     '0.14.0',
64 silly addNameRange     '0.14.1',
64 silly addNameRange     '1.0.0',
64 silly addNameRange     '1.0.1',
64 silly addNameRange     '1.0.2',
64 silly addNameRange     '1.0.3',
64 silly addNameRange     '1.1.0',
64 silly addNameRange     '1.2.0',
64 silly addNameRange     '1.2.1',
64 silly addNameRange     '1.2.2',
64 silly addNameRange     '1.3.0',
64 silly addNameRange     '1.3.1',
64 silly addNameRange     '1.3.2',
64 silly addNameRange     '1.4.0',
64 silly addNameRange     '1.4.1',
64 silly addNameRange     '1.4.2',
64 silly addNameRange     '1.4.3',
64 silly addNameRange     '1.5.0',
64 silly addNameRange     '1.6.0',
64 silly addNameRange     '1.7.0',
64 silly addNameRange     '1.7.1',
64 silly addNameRange     '1.7.2',
64 silly addNameRange     '1.7.3',
64 silly addNameRange     '1.7.4',
64 silly addNameRange     '1.8.0',
64 silly addNameRange     '1.8.1',
64 silly addNameRange     '1.8.2',
64 silly addNameRange     '1.9.0',
64 silly addNameRange     '1.10.0',
64 silly addNameRange     '1.11.0',
64 silly addNameRange     '1.12.0',
64 silly addNameRange     '1.12.1',
64 silly addNameRange     '1.13.0',
64 silly addNameRange     '1.14.0',
64 silly addNameRange     '1.15.0',
64 silly addNameRange     '1.15.1',
64 silly addNameRange     '1.16.0',
64 silly addNameRange     '1.16.1',
64 silly addNameRange     '1.16.2',
64 silly addNameRange     '1.17.0',
64 silly addNameRange     '1.17.1',
64 silly addNameRange     '1.18.0',
64 silly addNameRange     '1.18.1',
64 silly addNameRange     '1.18.2',
64 silly addNameRange     '1.19.0',
64 silly addNameRange     '1.20.0',
64 silly addNameRange     '1.20.1',
64 silly addNameRange     '1.21.0',
64 silly addNameRange     '1.21.1',
64 silly addNameRange     '1.21.2',
64 silly addNameRange     '1.21.3',
64 silly addNameRange     '1.21.4',
64 silly addNameRange     '1.21.5',
64 silly addNameRange     '2.0.0',
64 silly addNameRange     '2.0.1',
64 silly addNameRange     '2.1.0' ] ]
65 verbose addNamed [ 'mocha', '2.1.0' ]
66 verbose addNamed [ '2.1.0', '2.1.0' ]
67 silly lockFile f9a4f261-mocha-2-1-0 mocha@2.1.0
68 verbose lock mocha@2.1.0 /Users/jriewe/.npm/f9a4f261-mocha-2-1-0.lock
69 verbose registry.get https://registry.npmjs.org/yeoman-generator not expired, no request
70 silly addNameRange number 2 { name: 'yeoman-generator',
70 silly addNameRange   range: '>=0.18.0-0 <0.19.0-0',
70 silly addNameRange   hasData: true }
71 silly addNameRange versions [ 'yeoman-generator',
71 silly addNameRange   [ '0.10.0',
71 silly addNameRange     '0.10.1',
71 silly addNameRange     '0.10.2',
71 silly addNameRange     '0.10.3',
71 silly addNameRange     '0.10.4',
71 silly addNameRange     '0.10.5',
71 silly addNameRange     '0.11.0',
71 silly addNameRange     '0.11.1',
71 silly addNameRange     '0.11.2',
71 silly addNameRange     '0.11.3',
71 silly addNameRange     '0.11.4',
71 silly addNameRange     '0.12.0',
71 silly addNameRange     '0.12.1',
71 silly addNameRange     '0.12.2',
71 silly addNameRange     '0.12.3',
71 silly addNameRange     '0.13.0',
71 silly addNameRange     '0.13.1',
71 silly addNameRange     '0.13.2',
71 silly addNameRange     '0.13.3',
71 silly addNameRange     '0.13.4',
71 silly addNameRange     '0.14.0-rc.1',
71 silly addNameRange     '0.14.0-rc.2',
71 silly addNameRange     '0.14.0',
71 silly addNameRange     '0.14.1',
71 silly addNameRange     '0.14.2',
71 silly addNameRange     '0.15.0-pre.1',
71 silly addNameRange     '0.15.0-pre.2',
71 silly addNameRange     '0.15.0-pre.3',
71 silly addNameRange     '0.15.0',
71 silly addNameRange     '0.16.0',
71 silly addNameRange     '0.17.0-pre.1',
71 silly addNameRange     '0.17.0-pre.2',
71 silly addNameRange     '0.17.0-pre.3',
71 silly addNameRange     '0.17.0-pre.4',
71 silly addNameRange     '0.17.0',
71 silly addNameRange     '0.17.1',
71 silly addNameRange     '0.17.2',
71 silly addNameRange     '0.17.3',
71 silly addNameRange     '0.17.4',
71 silly addNameRange     '0.17.5',
71 silly addNameRange     '0.17.6',
71 silly addNameRange     '0.17.7',
71 silly addNameRange     '0.18.0-pre.1',
71 silly addNameRange     '0.18.0-pre.2',
71 silly addNameRange     '0.18.0-pre.3',
71 silly addNameRange     '0.18.0',
71 silly addNameRange     '0.18.1',
71 silly addNameRange     '0.18.2',
71 silly addNameRange     '0.18.3',
71 silly addNameRange     '0.18.4',
71 silly addNameRange     '0.18.5',
71 silly addNameRange     '0.18.6',
71 silly addNameRange     '0.18.7' ] ]
72 verbose addNamed [ 'yeoman-generator', '0.18.7' ]
73 verbose addNamed [ '0.18.7', '0.18.7' ]
74 silly lockFile 18ae2297-yeoman-generator-0-18-7 yeoman-generator@0.18.7
75 verbose lock yeoman-generator@0.18.7 /Users/jriewe/.npm/18ae2297-yeoman-generator-0-18-7.lock
76 silly lockFile 5ca73301--npmjs-org-yosay-yosay-0-3-0-tgz https://registry.npmjs.org/yosay/-/yosay-0.3.0.tgz
77 verbose lock https://registry.npmjs.org/yosay/-/yosay-0.3.0.tgz /Users/jriewe/.npm/5ca73301--npmjs-org-yosay-yosay-0-3-0-tgz.lock
78 silly lockFile c28973bb-chalk-0-5-1 chalk@0.5.1
79 silly lockFile c28973bb-chalk-0-5-1 chalk@0.5.1
80 verbose addRemoteTarball [ 'https://registry.npmjs.org/yosay/-/yosay-0.3.0.tgz',
80 verbose addRemoteTarball   'b3fb7fbe8c45ea8ca90a1b2723c2e0b5bd7ffa38' ]
81 silly lockFile c513ee84-chalk-0-5-0 chalk@^0.5.0
82 silly lockFile c513ee84-chalk-0-5-0 chalk@^0.5.0
83 silly lockFile f9a4f261-mocha-2-1-0 mocha@2.1.0
84 silly lockFile f9a4f261-mocha-2-1-0 mocha@2.1.0
85 silly lockFile 18ae2297-yeoman-generator-0-18-7 yeoman-generator@0.18.7
86 silly lockFile 18ae2297-yeoman-generator-0-18-7 yeoman-generator@0.18.7
87 silly lockFile 4d0fa87f-mocha mocha@*
88 silly lockFile 4d0fa87f-mocha mocha@*
89 silly lockFile dc903c98-yeoman-generator-0-18-0 yeoman-generator@^0.18.0
90 silly lockFile dc903c98-yeoman-generator-0-18-0 yeoman-generator@^0.18.0
91 info retry fetch attempt 1 at 14:20:55
92 verbose fetch to= /var/folders/xj/x4wtsn0j09g2bkmsdwh5w9wn_07_pg/T/npm-85185-QxJb4pRe/registry.npmjs.org/yosay/-/yosay-0.3.0.tgz
93 http GET https://registry.npmjs.org/yosay/-/yosay-0.3.0.tgz
94 http 200 https://registry.npmjs.org/yosay/-/yosay-0.3.0.tgz
95 silly lockFile 5ca73301--npmjs-org-yosay-yosay-0-3-0-tgz https://registry.npmjs.org/yosay/-/yosay-0.3.0.tgz
96 silly lockFile 5ca73301--npmjs-org-yosay-yosay-0-3-0-tgz https://registry.npmjs.org/yosay/-/yosay-0.3.0.tgz
97 silly lockFile 47e93410-yosay-0-3-0 yosay@0.3.0
98 silly lockFile 47e93410-yosay-0-3-0 yosay@0.3.0
99 silly lockFile ca78981e-yosay-0-3-0 yosay@^0.3.0
100 silly lockFile ca78981e-yosay-0-3-0 yosay@^0.3.0
101 error Error: EACCES, mkdir '/Users/jriewe/.npm/yosay/0.3.0'
101 error  { [Error: EACCES, mkdir '/Users/jriewe/.npm/yosay/0.3.0']
101 error   errno: 3,
101 error   code: 'EACCES',
101 error   path: '/Users/jriewe/.npm/yosay/0.3.0',
101 error   parent: 'generator-ka' }
102 error Please try running this command again as root/Administrator.
103 error System Darwin 13.4.0
104 error command "node" "/usr/local/bin/npm" "install"
105 error cwd /resource/github/generator-ka
106 error node -v v0.10.35
107 error npm -v 1.4.28
108 error path /Users/jriewe/.npm/yosay/0.3.0
109 error code EACCES
110 error errno 3
111 error stack Error: EACCES, mkdir '/Users/jriewe/.npm/yosay/0.3.0'
112 verbose exit [ 3, true ]
